[02:16:51] [ServerMain/INFO]: Environment: authHost='https://authserver.mojang.com', accountsHost='https://api.mojang.com', sessionHost='https://sessionserver.mojang.com', servicesHost='https://api.minecraftservices.com', name='PROD'
[02:16:54] [ServerMain/INFO]: Loaded 7 recipes
[02:16:54] [Server thread/INFO]: Starting minecraft server version 1.20.1
[02:16:54] [Server thread/INFO]: Loading properties
[02:16:54] [Server thread/INFO]: This server is running Paper version git-Paper-196 (MC: 1.20.1) (Implementing API version 1.20.1-R0.1-SNAPSHOT) (Git: 773dd72)
[02:16:55] [Server thread/INFO]: Server Ping Player Sample Count: 12
[02:16:55] [Server thread/INFO]: Using 4 threads for Netty based IO
[02:16:55] [Server thread/WARN]: [!] The timings profiler has been enabled but has been scheduled for removal from Paper in the future.
    We recommend installing the spark profiler as a replacement: https://spark.lucko.me/
    For more information please visit: https://github.com/PaperMC/Paper/issues/8948
[02:16:56] [Server thread/INFO]: [ChunkTaskScheduler] Chunk system is using 1 I/O threads, 1 worker threads, and gen parallelism of 1 threads
[02:16:56] [Server thread/INFO]: Default game type: SURVIVAL
[02:16:56] [Server thread/INFO]: Generating keypair
[02:16:56] [Server thread/INFO]: Starting Minecraft server on *:25565
[02:16:56] [Server thread/INFO]: Using epoll channel type
[02:16:56] [Server thread/INFO]: Paper: Using libdeflate (Linux x86_64) compression from Velocity.
[02:16:56] [Server thread/INFO]: Paper: Using OpenSSL 3.0.x (Linux x86_64) cipher from Velocity.
[02:16:57] [Server thread/INFO]: [floodgate] Loading server plugin floodgate v2.2.5-SNAPSHOT (b121-55a85ec)
[02:16:57] [Server thread/WARN]: [floodgate] en_ is not a supported Floodgate language.
[02:16:57] [Server thread/INFO]: [floodgate] Took 618ms to boot Floodgate
[02:16:57] [Server thread/INFO]: [ViaVersion] Loading server plugin ViaVersion v5.5.2-SNAPSHOT
[02:16:57] [Server thread/INFO]: [ViaVersion] ViaVersion 5.5.2-SNAPSHOT is now loaded. Registering protocol transformers and injecting...
[02:16:58] [Via-Mappingloader-1/INFO]: [ViaVersion] Loading block connection mappings ...
[02:16:58] [Via-Mappingloader-1/INFO]: [ViaVersion] Using FastUtil Long2ObjectOpenHashMap for block connections
[02:16:58] [Server thread/INFO]: [Geyser-Spigot] Loading server plugin Geyser-Spigot v2.9.1-SNAPSHOT
[02:16:59] [Server thread/INFO]: [Geyser-Spigot] Loading extensions...
[02:16:59] [Server thread/INFO]: [Geyser-Spigot] Loaded 0 extension(s)
[02:16:59] [Server thread/INFO]: Server permissions file permissions.yml is empty, ignoring it
[02:16:59] [Server thread/WARN]: **** SERVER IS RUNNING IN OFFLINE/INSECURE MODE!
[02:16:59] [Server thread/WARN]: The server will make no attempt to authenticate usernames. Beware.
[02:16:59] [Server thread/WARN]: While this makes the game possible to play without internet access, it also opens up the ability for hackers to connect with any username they choose.
[02:16:59] [Server thread/WARN]: To change this, set "online-mode" to "true" in the server.properties file.
[02:16:59] [Server thread/INFO]: Preparing level "world"
[02:16:59] [Server thread/INFO]: Preparing start region for dimension minecraft:overworld
[02:16:59] [Server thread/INFO]: Time elapsed: 316 ms
[02:16:59] [Server thread/INFO]: Preparing start region for dimension minecraft:the_nether
[02:16:59] [Server thread/INFO]: Time elapsed: 91 ms
[02:16:59] [Server thread/INFO]: Preparing start region for dimension minecraft:the_end
[02:16:59] [Server thread/INFO]: Time elapsed: 51 ms
[02:16:59] [Server thread/INFO]: [floodgate] Enabling floodgate v2.2.5-SNAPSHOT (b121-55a85ec)
[02:17:01] [Server thread/INFO]: [ViaVersion] Enabling ViaVersion v5.5.2-SNAPSHOT
[02:17:01] [Server thread/INFO]: [ViaVersion] ViaVersion detected server version: 1.20-1.20.1 (763)
[02:17:01] [Server thread/INFO]: [Geyser-Spigot] Enabling Geyser-Spigot v2.9.1-SNAPSHOT
[02:17:03] [Server thread/INFO]: [Geyser-Spigot] ******************************************
[02:17:03] [Server thread/INFO]: [Geyser-Spigot] 
[02:17:03] [Server thread/INFO]: [Geyser-Spigot] Loading Geyser version 2.9.1-b999 (git-master-dbed595)
[02:17:03] [Server thread/INFO]: [Geyser-Spigot] 
[02:17:03] [Server thread/INFO]: [Geyser-Spigot] ******************************************
[02:17:08] [GeyserServer-3-1/INFO]: [Geyser-Spigot] Started Geyser on UDP port 19132
[02:17:08] [Server thread/INFO]: [Geyser-Spigot] Done (4.731s)! Run /geyser help for help!
[02:17:08] [Server thread/INFO]: Running delayed init tasks
[02:17:08] [Craft Scheduler Thread - 2 - ViaVersion/INFO]: [ViaVersion] Finished mapping loading, shutting down loader executor.
[02:17:08] [Server thread/INFO]: Done (13.621s)! For help, type "help"
[02:17:08] [Server thread/INFO]: Timings Reset
[02:17:08] [Server thread/INFO]: [ViaVersion] You are running a development version of the plugin, please report any bugs to GitHub.
[02:17:13] [User Authenticator #0/INFO]: UUID of player aleepro is 3e82e90b-7685-3992-b0c9-4fff91d6daa6
[02:17:13] [Server thread/INFO]: aleepro joined the game
[02:17:13] [Server thread/INFO]: aleepro[/127.212.218.200:41521] logged in with entity id 264 at ([world]33.28099528756116, 75.0, 277.45593242964776)
[02:17:17] [Server thread/INFO]: aleepro issued server command: /gamemode spectator
[02:17:17] [Server thread/INFO]: [aleepro: Set own game mode to Spectator Mode]
[02:20:54] [GeyserServerChild-4-1/INFO]: [Geyser-Spigot] Player connected with username Fito6245 (860)
[02:20:54] [localSession-7-2/INFO]: [Geyser-Spigot] Fito6245 (logged in as: Fito6245) has connected to the Java server
[02:20:54] [Geyser Spigot connection thread-6-3/INFO]: UUID of player .Fito6245 is 00000000-0000-0000-0009-01f436f41dda
[02:20:54] [Server thread/INFO]: [floodgate] Floodgate player logged in as .Fito6245 joined (UUID: 00000000-0000-0000-0009-01f436f41dda)
[02:20:54] [Server thread/INFO]: .Fito6245 joined the game
[02:20:54] [Server thread/INFO]: .Fito6245[/127.1.238.126:0] logged in with entity id 276 at ([world]13.5, 72.0, 178.5)
[02:21:18] [Server thread/INFO]: .Fito6245 was slain by Zombie
[02:21:50] [GeyserServerChild-4-2/INFO]: [Geyser-Spigot] Player connected with username KeptHoney9094 (860)
[02:21:50] [localSession-7-3/INFO]: [Geyser-Spigot] KeptHoney9094 (logged in as: KeptHoney9094) has connected to the Java server
[02:21:50] [Geyser Spigot connection thread-6-4/INFO]: UUID of player .KeptHoney9094 is 00000000-0000-0000-0009-01f541104000
[02:21:50] [Server thread/INFO]: [floodgate] Floodgate player logged in as .KeptHoney9094 joined (UUID: 00000000-0000-0000-0009-01f541104000)
[02:21:50] [Server thread/INFO]: .KeptHoney9094 joined the game
[02:21:50] [Server thread/INFO]: .KeptHoney9094[/127.231.204.196:0] logged in with entity id 446 at ([world]14.5, 72.0, 179.5)
[02:22:04] [Server thread/INFO]: .KeptHoney9094 was slain by Zombie
[02:22:10] [Server thread/INFO]: .Fito6245 has made the advancement [Monster Hunter]
[02:22:51] [Async Chat Thread - #1/INFO]: [Not Secure] <.KeptHoney9094> amor
[02:23:07] [Async Chat Thread - #0/INFO]: [Not Secure] <.Fito6245> me caí en un hoyo
[02:23:38] [Async Chat Thread - #1/INFO]: [Not Secure] <.KeptHoney9094> no me deja picar
[02:24:17] [Async Chat Thread - #0/INFO]: [Not Secure] <.Fito6245> a mí tmp
[02:24:31] [Async Chat Thread - #0/INFO]: [Not Secure] <.Fito6245> ns si es mi configuración
[02:24:51] [Async Chat Thread - #0/INFO]: [Not Secure] <.KeptHoney9094> es el server parece
[02:25:45] [Server thread/INFO]: .Fito6245 was slain by .KeptHoney9094
[02:25:55] [Async Chat Thread - #3/INFO]: [Not Secure] <.KeptHoney9094> soy un pro
[02:26:29] [Async Chat Thread - #2/INFO]: [Not Secure] <.Fito6245> y ahora como subes
[02:26:43] [Async Chat Thread - #3/INFO]: [Not Secure] <.KeptHoney9094> noc solo queria sacarte
[02:27:14] [Async Chat Thread - #2/INFO]: [Not Secure] <.Fito6245> ya me deja picar
[02:27:49] [Async Chat Thread - #3/INFO]: [Not Secure] <.KeptHoney9094> a mi no
[02:27:57] [Async Chat Thread - #3/INFO]: [Not Secure] <.KeptHoney9094> matame a ver
[02:28:29] [Async Chat Thread - #2/INFO]: [Not Secure] <.KeptHoney9094> matame po
[02:28:33] [Async Chat Thread - #3/INFO]: [Not Secure] <.Fito6245> no me deja ponerlaa
[02:28:41] [Server thread/INFO]: .KeptHoney9094 was slain by .Fito6245
[02:30:12] [Server thread/INFO]: .KeptHoney9094 was shot by Skeleton
[02:30:36] [Server thread/INFO]: .Fito6245 was shot by Skeleton
[02:30:41] [Async Chat Thread - #4/INFO]: [Not Secure] <.KeptHoney9094> ta ma malo jajajaj
[02:30:54] [Server thread/INFO]: .KeptHoney9094 was slain by Zombie
[02:31:02] [Async Chat Thread - #5/INFO]: [Not Secure] <.Fito6245> no me dejaaa
[02:31:20] [Server thread/INFO]: .Fito6245 was blown up by Creeper
[02:31:20] [Async Chat Thread - #4/INFO]: [Not Secure] <.KeptHoney9094> dile a tu wmigo
[02:31:54] [Server thread/INFO]: .KeptHoney9094 was slain by Zombie
[02:32:06] [Server thread/INFO]: .Fito6245 was slain by Zombie
[02:32:23] [GeyserServerChild-4-2/INFO]: [Geyser-Spigot] KeptHoney9094 has disconnected from the Java server because of Bedrock client disconnected
[02:32:23] [Geyser Spigot connection thread-6-4/INFO]: [floodgate] Floodgate player logged in as .KeptHoney9094 disconnected
[02:32:23] [Server thread/INFO]: .KeptHoney9094 lost connection: Disconnected
[02:32:23] [Server thread/INFO]: .KeptHoney9094 left the game
[02:32:47] [Server thread/INFO]: aleepro lost connection: Timed out
[02:32:47] [Server thread/INFO]: aleepro left the game
[02:36:05] [Server thread/INFO]: .Fito6245 was slain by Zombie
